17:25:42 **** Incremental Build of configuration Debug for project IrRemoteControl ****
make -j4 all 
arm-none-eabi-gcc "../Core/Src/main.c" -mcpu=cortex-m4 -std=gnu11 -g3 -DDEBUG -DUSE_HAL_DRIVER -DSTM32F429xx -c -I../Core/Inc -I../Drivers/STM32F4xx_HAL_Driver/Inc -I../Drivers/STM32F4xx_HAL_Driver/Inc/Legacy -I../Drivers/CMSIS/Device/ST/STM32F4xx/Include -I../Drivers/CMSIS/Include -O0 -ffunction-sections -fdata-sections -Wall -fstack-usage -fcyclomatic-complexity -MMD -MP -MF"Core/Src/main.d" -MT"Core/Src/main.o" --specs=nano.specs -mfpu=fpv4-sp-d16 -mfloat-abi=hard -mthumb -o "Core/Src/main.o"
../Core/Src/main.c: In function 'getMode':
../Core/Src/main.c:82:1: warning: control reaches end of non-void function [-Wreturn-type]
   82 | }
      | ^
arm-none-eabi-gcc -o "IrRemoteControl.elf" @"objects.list"   -mcpu=cortex-m4 -T"C:\Users\vuman\OneDrive - Hanoi University of Science and Technology\Documents\BKAV\BachelorCE\2024\2024.2\EmbeddedSystem\lab20242\Bài 1\IrRemoteControl\STM32F429ZITX_FLASH.ld" --specs=nosys.specs -Wl,-Map="IrRemoteControl.map" -Wl,--gc-sections -static --specs=nano.specs -mfpu=fpv4-sp-d16 -mfloat-abi=hard -mthumb -Wl,--start-group -lc -lm -Wl,--end-group
Finished building target: IrRemoteControl.elf
 
arm-none-eabi-size  IrRemoteControl.elf 
arm-none-eabi-objdump -h -S IrRemoteControl.elf  > "IrRemoteControl.list"
   text	   data	    bss	    dec	    hex	filename
  15284	    124	   2212	  17620	   44d4	IrRemoteControl.elf
Finished building: default.size.stdout
 
Finished building: IrRemoteControl.list
 
17:26:07 **** Incremental Build of configuration Debug for project IrRemoteControl ****
make -j4 all 
arm-none-eabi-gcc "../Core/Src/main.c" -mcpu=cortex-m4 -std=gnu11 -g3 -DDEBUG -DUSE_HAL_DRIVER -DSTM32F429xx -c -I../Core/Inc -I../Drivers/STM32F4xx_HAL_Driver/Inc -I../Drivers/STM32F4xx_HAL_Driver/Inc/Legacy -I../Drivers/CMSIS/Device/ST/STM32F4xx/Include -I../Drivers/CMSIS/Include -O0 -ffunction-sections -fdata-sections -Wall -fstack-usage -fcyclomatic-complexity -MMD -MP -MF"Core/Src/main.d" -MT"Core/Src/main.o" --specs=nano.specs -mfpu=fpv4-sp-d16 -mfloat-abi=hard -mthumb -o "Core/Src/main.o"
arm-none-eabi-gcc -o "IrRemoteControl.elf" @"objects.list"   -mcpu=cortex-m4 -T"C:\Users\vuman\OneDrive - Hanoi University of Science and Technology\Documents\BKAV\BachelorCE\2024\2024.2\EmbeddedSystem\lab20242\Bài 1\IrRemoteControl\STM32F429ZITX_FLASH.ld" --specs=nosys.specs -Wl,-Map="IrRemoteControl.map" -Wl,--gc-sections -static --specs=nano.specs -mfpu=fpv4-sp-d16 -mfloat-abi=hard -mthumb -Wl,--start-group -lc -lm -Wl,--end-group
Finished building target: IrRemoteControl.elf
 
arm-none-eabi-size  IrRemoteControl.elf 
arm-none-eabi-objdump -h -S IrRemoteControl.elf  > "IrRemoteControl.list"
   text	   data	    bss	    dec	    hex	filename
  15288	    124	   2212	  17624	   44d8	IrRemoteControl.elf
Finished building: default.size.stdout
 
Finished building: IrRemoteControl.list
 
17:27:10 **** Incremental Build of configuration Debug for project IrRemoteControl ****
make -j4 all 
arm-none-eabi-gcc "../Core/Src/main.c" -mcpu=cortex-m4 -std=gnu11 -g3 -DDEBUG -DUSE_HAL_DRIVER -DSTM32F429xx -c -I../Core/Inc -I../Drivers/STM32F4xx_HAL_Driver/Inc -I../Drivers/STM32F4xx_HAL_Driver/Inc/Legacy -I../Drivers/CMSIS/Device/ST/STM32F4xx/Include -I../Drivers/CMSIS/Include -O0 -ffunction-sections -fdata-sections -Wall -fstack-usage -fcyclomatic-complexity -MMD -MP -MF"Core/Src/main.d" -MT"Core/Src/main.o" --specs=nano.specs -mfpu=fpv4-sp-d16 -mfloat-abi=hard -mthumb -o "Core/Src/main.o"
arm-none-eabi-gcc -o "IrRemoteControl.elf" @"objects.list"   -mcpu=cortex-m4 -T"C:\Users\vuman\OneDrive - Hanoi University of Science and Technology\Documents\BKAV\BachelorCE\2024\2024.2\EmbeddedSystem\lab20242\Bài 1\IrRemoteControl\STM32F429ZITX_FLASH.ld" --specs=nosys.specs -Wl,-Map="IrRemoteControl.map" -Wl,--gc-sections -static --specs=nano.specs -mfpu=fpv4-sp-d16 -mfloat-abi=hard -mthumb -Wl,--start-group -lc -lm -Wl,--end-group
Finished building target: IrRemoteControl.elf
 
arm-none-eabi-size  IrRemoteControl.elf 
arm-none-eabi-objdump -h -S IrRemoteControl.elf  > "IrRemoteControl.list"
   text	   data	    bss	    dec	    hex	filename
  15296	    124	   2212	  17632	   44e0	IrRemoteControl.elf
Finished building: default.size.stdout
 
Finished building: IrRemoteControl.list
 
